<?xml version="1.0" encoding="UTF-8"?>
<!-- Generated by org.testng.reporters.JUnitReportReporter -->
<testsuite skipped="0" hostname="LAPTOP-IQRBTR5E" name="com.crm.qa.testcases.HomePageTest" tests="3" failures="0" timestamp="25 Jul 2019 09:27:42 GMT" time="39.307" errors="0">
  <testcase name="verifyHomePageTitleTest" time="12.202" classname="com.crm.qa.testcases.HomePageTest"/>
  <testcase name="verifyUserNameTest" time="13.683" classname="com.crm.qa.testcases.HomePageTest"/>
  <testcase name="verifyContactsLinkTest" time="13.422" classname="com.crm.qa.testcases.HomePageTest"/>
</testsuite> <!-- com.crm.qa.testcases.HomePageTest -->
