<?xml version="1.0" encoding="UTF-8"?>
<!-- Generated by org.testng.reporters.JUnitReportReporter -->
<testsuite skipped="0" hostname="LAPTOP-IQRBTR5E" name="com.crm.qa.testcases.LoginPageTest" tests="2" failures="0" timestamp="25 Jul 2019 09:27:42 GMT" time="27.782" errors="0">
  <testcase name="loginPageTitleTest" time="10.953" classname="com.crm.qa.testcases.LoginPageTest"/>
  <testcase name="loginTest" time="16.829" classname="com.crm.qa.testcases.LoginPageTest"/>
</testsuite> <!-- com.crm.qa.testcases.LoginPageTest -->
